<?xml version="1.0" encoding="UTF-8"?>
<testsuite name="com.kodilla.testing.forum.statistics.TestCalculateAdvStatistics" tests="7" skipped="0" failures="0" errors="0" timestamp="2020-12-05T12:41:44" hostname="DESKTOP-FCGM29K" time="0.337">
  <properties/>
  <testcase name="testWhenZeroPosts()" classname="com.kodilla.testing.forum.statistics.TestCalculateAdvStatistics" time="0.302"/>
  <testcase name="testWhenZeroUsers()" classname="com.kodilla.testing.forum.statistics.TestCalculateAdvStatistics" time="0.004"/>
  <testcase name="testWhenHundredUsers()" classname="com.kodilla.testing.forum.statistics.TestCalculateAdvStatistics" time="0.008"/>
  <testcase name="testWhenMorePostThanComment()" classname="com.kodilla.testing.forum.statistics.TestCalculateAdvStatistics" time="0.006"/>
  <testcase name="testWhenMoreCommentThanPosts()" classname="com.kodilla.testing.forum.statistics.TestCalculateAdvStatistics" time="0.005"/>
  <testcase name="testWhenThousandPosts()" classname="com.kodilla.testing.forum.statistics.TestCalculateAdvStatistics" time="0.005"/>
  <testcase name="testWhenZeroComment()" classname="com.kodilla.testing.forum.statistics.TestCalculateAdvStatistics" time="0.005"/>
  <system-out><![CDATA[]]></system-out>
  <system-err><![CDATA[]]></system-err>
</testsuite>
