<?xml version="1.0" encoding="UTF-8"?>
<testsuite name="com.kodilla.testing.collection.CollectionTestSuite" tests="1" skipped="0" failures="0" errors="0" timestamp="2020-12-05T12:41:44" hostname="DESKTOP-FCGM29K" time="0.018">
  <properties/>
  <testcase name="testOddNumbersExterminatorNormalList()" classname="com.kodilla.testing.collection.CollectionTestSuite" time="0.018"/>
  <system-out><![CDATA[Test case: begin
Testing [2, 6, 8, 16, 28, 312, 888]
Test case: end
]]></system-out>
  <system-err><![CDATA[]]></system-err>
</testsuite>
