<?xml version="1.0" encoding="UTF-8"?>
<testsuite name="com.kodilla.testing.library.BookDirectoryTestSuite" tests="6" skipped="0" failures="0" errors="0" timestamp="2020-12-05T12:41:44" hostname="DESKTOP-FCGM29K" time="0.026">
  <properties/>
  <testcase name="testListOfOneBooksInHandsOfLibraryUser()" classname="com.kodilla.testing.library.BookDirectoryTestSuite" time="0.016"/>
  <testcase name="testListBooksWithConditionFragmentShorterThan3()" classname="com.kodilla.testing.library.BookDirectoryTestSuite" time="0.005"/>
  <testcase name="testListBooksWithConditionMoreThan20()" classname="com.kodilla.testing.library.BookDirectoryTestSuite" time="0.002"/>
  <testcase name="testListBooksWithConditionsReturnList()" classname="com.kodilla.testing.library.BookDirectoryTestSuite" time="0.001"/>
  <testcase name="testListOfFiveBooksInHandsOfLibraryUser()" classname="com.kodilla.testing.library.BookDirectoryTestSuite" time="0.001"/>
  <testcase name="testListOfZeroBooksInHandsOfLibraryUser()" classname="com.kodilla.testing.library.BookDirectoryTestSuite" time="0.001"/>
  <system-out><![CDATA[]]></system-out>
  <system-err><![CDATA[]]></system-err>
</testsuite>
