<?xml version="1.0" encoding="UTF-8"?>
<testsuite name="com.kodilla.testing.shape.ShapeCollectorTestSuite$AddAndRemoveTests" tests="2" skipped="0" failures="0" errors="0" timestamp="2020-12-05T12:41:44" hostname="DESKTOP-FCGM29K" time="0.001">
  <properties/>
  <testcase name="testRemoveFigure()" classname="com.kodilla.testing.shape.ShapeCollectorTestSuite$AddAndRemoveTests" time="0.001"/>
  <testcase name="testAddFigure()" classname="com.kodilla.testing.shape.ShapeCollectorTestSuite$AddAndRemoveTests" time="0.0"/>
  <system-out><![CDATA[]]></system-out>
  <system-err><![CDATA[]]></system-err>
</testsuite>
