<?xml version="1.0" encoding="UTF-8"?>
<testsuite name="com.kodilla.testing.user.ForumTestSuite" tests="2" skipped="0" failures="0" errors="0" timestamp="2020-12-05T12:41:44" hostname="DESKTOP-FCGM29K" time="0.002">
  <properties/>
  <testcase name="testCaseRealName()" classname="com.kodilla.testing.user.ForumTestSuite" time="0.001"/>
  <testcase name="testCaseUsername()" classname="com.kodilla.testing.user.ForumTestSuite" time="0.0"/>
  <system-out><![CDATA[Test Suite: begin
Test Case: begin
Testing John Smith
Test Case: end
Test Case: begin
Test Case: end
Test Suite: end
]]></system-out>
  <system-err><![CDATA[]]></system-err>
</testsuite>
